[I 2023-06-25 21:39:31,379] A new study created in memory with name: no-name-3bf8b8ff-d9b4-4dcd-9abc-2a85d674d006
[I 2023-06-28 04:05:07,607] Trial 6 finished with value: 16.341911764705884 and parameters: {'set_piece_duration': 172, 'long_ball_threshold': 192, 'long_ball_height_threshold': 1.641288069005328, 'long_ball_distance': 0.4397564447881524, 'prev_pass_multiplier': 0.12147571956228044, 'forward_threshold': 59, 'counter_attack_threshold': 91, 'forward_distance_threshold': 1.7165697164490705, 'slope_threshold': 0.9939195480096465, 'counter_press_threshold': 10, 'counter_press_duration': 72, 'recovery_threshold': 101, 'transition_threshold': 2, 'r_opp': 6.113289706169796, 'r_high': 4.692309514996743, 'r_mid': 2.9073532342129598, 'r_low': 1.1114136379192232, 'low_block_threshold': 30.427779769177448, 'mid_block_threshold': 37.10042562328726, 'high_block_threshold': 39.30572500086446, 'y_middle_down_press': -17.5}. Best is trial 6 with value: 16.341911764705884.
[I 2023-06-28 04:17:10,295] Trial 3 finished with value: 86.64705882352942 and parameters: {'set_piece_duration': 172, 'long_ball_threshold': 200, 'long_ball_height_threshold': 4.32690950416705, 'long_ball_distance': 0.35234210949917805, 'prev_pass_multiplier': 0.1727301935500156, 'forward_threshold': 37, 'counter_attack_threshold': 121, 'forward_distance_threshold': 4.735791569870562, 'slope_threshold': 1.3215296465372848, 'counter_press_threshold': 25, 'counter_press_duration': 99, 'recovery_threshold': 170, 'transition_threshold': 28, 'r_opp': 5.353362488816122, 'r_high': 4.168881955610349, 'r_mid': 2.3275151880035114, 'r_low': 0.5665912010599272, 'low_block_threshold': 32.902728628728404, 'mid_block_threshold': 35.29608638956115, 'high_block_threshold': 41.60383101130352, 'y_middle_down_press': 0}. Best is trial 6 with value: 16.341911764705884.
[I 2023-06-28 04:45:32,474] Trial 5 finished with value: 78.59742647058823 and parameters: {'set_piece_duration': 168, 'long_ball_threshold': 101, 'long_ball_height_threshold': 2.269527466407484, 'long_ball_distance': 0.46386209265116946, 'prev_pass_multiplier': 0.176621583081284, 'forward_threshold': 48, 'counter_attack_threshold': 148, 'forward_distance_threshold': 1.7315296867461076, 'slope_threshold': 1.4258190227312435, 'counter_press_threshold': 16, 'counter_press_duration': 100, 'recovery_threshold': 188, 'transition_threshold': 26, 'r_opp': 6.095389791790695, 'r_high': 4.777984315070314, 'r_mid': 2.6463927082824115, 'r_low': 0.7988030715535257, 'low_block_threshold': 30.115863481993657, 'mid_block_threshold': 35.34403252619127, 'high_block_threshold': 42.061489833760405, 'y_middle_down_press': 0}. Best is trial 6 with value: 16.341911764705884.
[I 2023-06-28 04:48:20,850] Trial 0 finished with value: 19.387867647058822 and parameters: {'set_piece_duration': 157, 'long_ball_threshold': 152, 'long_ball_height_threshold': 3.7976911057226177, 'long_ball_distance': 0.48257156672716006, 'prev_pass_multiplier': 0.15929747739506525, 'forward_threshold': 47, 'counter_attack_threshold': 100, 'forward_distance_threshold': 1.888036765735014, 'slope_threshold': 1.0857344119570282, 'counter_press_threshold': 30, 'counter_press_duration': 88, 'recovery_threshold': 132, 'transition_threshold': 32, 'r_opp': 5.830283601114481, 'r_high': 4.1732076549464034, 'r_mid': 2.2583043101105686, 'r_low': 1.7311094644613039, 'low_block_threshold': 31.704052322101937, 'mid_block_threshold': 37.37608176551353, 'high_block_threshold': 39.81884292338782, 'y_middle_down_press': -17.5}. Best is trial 6 with value: 16.341911764705884.
[I 2023-06-28 04:49:41,877] Trial 126 finished with value: 96.31801470588235 and parameters: {'set_piece_duration': 95, 'long_ball_threshold': 86, 'long_ball_height_threshold': 4.486048930564932, 'long_ball_distance': 0.25879417751066686, 'prev_pass_multiplier': 0.1829777842401325, 'forward_threshold': 37, 'counter_attack_threshold': 114, 'forward_distance_threshold': 5.152640443286019, 'slope_threshold': 1.408807205881754, 'counter_press_threshold': 19, 'counter_press_duration': 55, 'recovery_threshold': 131, 'transition_threshold': 47, 'r_opp': 7.852974025696131, 'r_high': 4.809638108404263, 'r_mid': 2.6585827321889104, 'r_low': 0.9071816755825485, 'low_block_threshold': 34.123410053945236, 'mid_block_threshold': 36.568197676420674, 'high_block_threshold': 40.90871754548777, 'y_middle_down_press': 0}. Best is trial 6 with value: 16.341911764705884.
[I 2023-06-28 04:51:58,438] Trial 8 finished with value: 101.70404411764704 and parameters: {'set_piece_duration': 139, 'long_ball_threshold': 202, 'long_ball_height_threshold': 2.975771264417479, 'long_ball_distance': 0.24752606855056178, 'prev_pass_multiplier': 0.16243433180862535, 'forward_threshold': 27, 'counter_attack_threshold': 113, 'forward_distance_threshold': 2.9627297893684768, 'slope_threshold': 0.5792639062798566, 'counter_press_threshold': 42, 'counter_press_duration': 34, 'recovery_threshold': 139, 'transition_threshold': 35, 'r_opp': 7.663066643070417, 'r_high': 5.668039995733271, 'r_mid': 1.7701766729583037, 'r_low': 1.3466145021489448, 'low_block_threshold': 34.795368227625644, 'mid_block_threshold': 35.75571850781087, 'high_block_threshold': 38.467396557475396, 'y_middle_down_press': 0}. Best is trial 6 with value: 16.341911764705884.
[I 2023-06-28 04:53:39,710] Trial 2 finished with value: 95.08823529411765 and parameters: {'set_piece_duration': 173, 'long_ball_threshold': 184, 'long_ball_height_threshold': 3.917168048453169, 'long_ball_distance': 0.3878343616320147, 'prev_pass_multiplier': 0.123780933136009, 'forward_threshold': 77, 'counter_attack_threshold': 149, 'forward_distance_threshold': 4.693494664572238, 'slope_threshold': 1.0253197734040278, 'counter_press_threshold': 11, 'counter_press_duration': 86, 'recovery_threshold': 149, 'transition_threshold': 2, 'r_opp': 7.903157685612298, 'r_high': 4.008118995257517, 'r_mid': 2.168027663918891, 'r_low': 1.5342963445217364, 'low_block_threshold': 33.75274031555286, 'mid_block_threshold': 37.167481657856385, 'high_block_threshold': 44.67124446325826, 'y_middle_down_press': 0}. Best is trial 6 with value: 16.341911764705884.
[I 2023-06-28 04:53:42,925] Trial 4 finished with value: 22.55514705882353 and parameters: {'set_piece_duration': 219, 'long_ball_threshold': 121, 'long_ball_height_threshold': 2.1024145493388597, 'long_ball_distance': 0.4092983314270695, 'prev_pass_multiplier': 0.12313333960479331, 'forward_threshold': 66, 'counter_attack_threshold': 57, 'forward_distance_threshold': 3.7093591316617904, 'slope_threshold': 0.7683602336340858, 'counter_press_threshold': 45, 'counter_press_duration': 56, 'recovery_threshold': 193, 'transition_threshold': 2, 'r_opp': 7.498792173447861, 'r_high': 5.150495348446479, 'r_mid': 3.331260717725969, 'r_low': 0.9551049346704155, 'low_block_threshold': 31.163271829187273, 'mid_block_threshold': 37.26190776864034, 'high_block_threshold': 41.67057937401403, 'y_middle_down_press': -17.5}. Best is trial 6 with value: 16.341911764705884.
[I 2023-06-28 04:54:16,717] Trial 1 finished with value: 17.481617647058826 and parameters: {'set_piece_duration': 219, 'long_ball_threshold': 197, 'long_ball_height_threshold': 3.3644484011073836, 'long_ball_distance': 0.4679239706536561, 'prev_pass_multiplier': 0.16854358451185905, 'forward_threshold': 43, 'counter_attack_threshold': 105, 'forward_distance_threshold': 1.5925101903447096, 'slope_threshold': 0.83074462345899, 'counter_press_threshold': 33, 'counter_press_duration': 61, 'recovery_threshold': 114, 'transition_threshold': 18, 'r_opp': 5.992492580171575, 'r_high': 5.86536854127366, 'r_mid': 2.915681716774537, 'r_low': 1.4091741118730656, 'low_block_threshold': 30.760253532121723, 'mid_block_threshold': 37.29087408472303, 'high_block_threshold': 44.7429328105356, 'y_middle_down_press': -17.5}. Best is trial 6 with value: 16.341911764705884.
[I 2023-06-28 04:57:23,695] Trial 108 finished with value: 94.03676470588235 and parameters: {'set_piece_duration': 207, 'long_ball_threshold': 98, 'long_ball_height_threshold': 2.2435712166264743, 'long_ball_distance': 0.2971152639902964, 'prev_pass_multiplier': 0.11667211391689232, 'forward_threshold': 31, 'counter_attack_threshold': 127, 'forward_distance_threshold': 4.7613492212119315, 'slope_threshold': 1.0002837234443591, 'counter_press_threshold': 26, 'counter_press_duration': 65, 'recovery_threshold': 106, 'transition_threshold': 26, 'r_opp': 7.104910586766662, 'r_high': 4.928283093011221, 'r_mid': 1.952325283536047, 'r_low': 1.3592997235079658, 'low_block_threshold': 34.824078248517246, 'mid_block_threshold': 37.07184898698565, 'high_block_threshold': 41.857705145707556, 'y_middle_down_press': 0}. Best is trial 6 with value: 16.341911764705884.
[I 2023-06-28 04:59:29,694] Trial 17 finished with value: 80.78676470588236 and parameters: {'set_piece_duration': 212, 'long_ball_threshold': 159, 'long_ball_height_threshold': 4.385413249001538, 'long_ball_distance': 0.3870748211456975, 'prev_pass_multiplier': 0.13188515799275957, 'forward_threshold': 85, 'counter_attack_threshold': 127, 'forward_distance_threshold': 2.9533307078697724, 'slope_threshold': 0.9295323144445309, 'counter_press_threshold': 13, 'counter_press_duration': 53, 'recovery_threshold': 184, 'transition_threshold': 47, 'r_opp': 5.166727744847771, 'r_high': 4.0259564648963515, 'r_mid': 3.3126189681470435, 'r_low': 0.6854999146205836, 'low_block_threshold': 32.97511647582991, 'mid_block_threshold': 35.01168563529663, 'high_block_threshold': 39.72201656351903, 'y_middle_down_press': 0}. Best is trial 6 with value: 16.341911764705884.
[I 2023-06-28 04:59:29,792] Trial 19 finished with value: 21.020220588235293 and parameters: {'set_piece_duration': 155, 'long_ball_threshold': 204, 'long_ball_height_threshold': 3.054588548871823, 'long_ball_distance': 0.4671237374584548, 'prev_pass_multiplier': 0.11540398652049062, 'forward_threshold': 80, 'counter_attack_threshold': 26, 'forward_distance_threshold': 3.325924244804952, 'slope_threshold': 1.5784045573663552, 'counter_press_threshold': 27, 'counter_press_duration': 81, 'recovery_threshold': 80, 'transition_threshold': 34, 'r_opp': 7.149552621467685, 'r_high': 4.465336227609704, 'r_mid': 2.375732810064635, 'r_low': 1.6717963156711073, 'low_block_threshold': 33.20672212085061, 'mid_block_threshold': 36.69696576805314, 'high_block_threshold': 40.57356459423573, 'y_middle_down_press': -17.5}. Best is trial 6 with value: 16.341911764705884.
[I 2023-06-28 05:00:47,432] Trial 103 finished with value: 74.11948529411764 and parameters: {'set_piece_duration': 165, 'long_ball_threshold': 142, 'long_ball_height_threshold': 3.0322217329440195, 'long_ball_distance': 0.24122571136083468, 'prev_pass_multiplier': 0.1626617183270791, 'forward_threshold': 59, 'counter_attack_threshold': 150, 'forward_distance_threshold': 3.8010545083577627, 'slope_threshold': 0.7414639099694487, 'counter_press_threshold': 28, 'counter_press_duration': 45, 'recovery_threshold': 173, 'transition_threshold': 6, 'r_opp': 5.558383621288156, 'r_high': 5.289095108438924, 'r_mid': 2.9506193202936157, 'r_low': 1.584864019112796, 'low_block_threshold': 30.13254829547533, 'mid_block_threshold': 35.09694029200116, 'high_block_threshold': 41.09245651133393, 'y_middle_down_press': 0}. Best is trial 6 with value: 16.341911764705884.
[I 2023-06-28 05:01:17,785] Trial 38 finished with value: 87.79044117647058 and parameters: {'set_piece_duration': 90, 'long_ball_threshold': 220, 'long_ball_height_threshold': 2.0928059966434778, 'long_ball_distance': 0.3081510878239591, 'prev_pass_multiplier': 0.17602568501822413, 'forward_threshold': 65, 'counter_attack_threshold': 131, 'forward_distance_threshold': 3.7720957450253905, 'slope_threshold': 0.8283253305535917, 'counter_press_threshold': 26, 'counter_press_duration': 100, 'recovery_threshold': 155, 'transition_threshold': 12, 'r_opp': 7.658390133997347, 'r_high': 5.10149521742835, 'r_mid': 3.398046713685369, 'r_low': 1.3166456161646423, 'low_block_threshold': 33.58355350215083, 'mid_block_threshold': 37.062765783392145, 'high_block_threshold': 41.38321728029135, 'y_middle_down_press': 0}. Best is trial 6 with value: 16.341911764705884.
[I 2023-06-28 05:03:12,198] Trial 13 finished with value: 15.718750000000002 and parameters: {'set_piece_duration': 130, 'long_ball_threshold': 196, 'long_ball_height_threshold': 3.742613242225822, 'long_ball_distance': 0.45064035250352596, 'prev_pass_multiplier': 0.1296874869151387, 'forward_threshold': 31, 'counter_attack_threshold': 109, 'forward_distance_threshold': 1.9441092847919288, 'slope_threshold': 0.7416163997768892, 'counter_press_threshold': 50, 'counter_press_duration': 32, 'recovery_threshold': 152, 'transition_threshold': 46, 'r_opp': 5.465592338525593, 'r_high': 4.989497725360604, 'r_mid': 2.4590195243519575, 'r_low': 0.9163153257014303, 'low_block_threshold': 32.18865545823571, 'mid_block_threshold': 35.67300190370771, 'high_block_threshold': 42.058242913813835, 'y_middle_down_press': -17.5}. Best is trial 13 with value: 15.718750000000002.
[I 2023-06-28 05:09:03,287] Trial 95 finished with value: 83.00919117647058 and parameters: {'set_piece_duration': 102, 'long_ball_threshold': 145, 'long_ball_height_threshold': 4.823046477653174, 'long_ball_distance': 0.34212935798523925, 'prev_pass_multiplier': 0.1053051220646954, 'forward_threshold': 60, 'counter_attack_threshold': 79, 'forward_distance_threshold': 3.2534734685598363, 'slope_threshold': 1.053289517069894, 'counter_press_threshold': 31, 'counter_press_duration': 67, 'recovery_threshold': 108, 'transition_threshold': 7, 'r_opp': 6.382312114789078, 'r_high': 4.651838165409151, 'r_mid': 2.129941490622567, 'r_low': 1.167764354661454, 'low_block_threshold': 32.744080864983026, 'mid_block_threshold': 35.52909319160486, 'high_block_threshold': 39.04306928199035, 'y_middle_down_press': 0}. Best is trial 13 with value: 15.718750000000002.
[I 2023-06-28 05:09:03,379] Trial 125 finished with value: 77.07720588235294 and parameters: {'set_piece_duration': 225, 'long_ball_threshold': 82, 'long_ball_height_threshold': 5.404593006165237, 'long_ball_distance': 0.4154080465761619, 'prev_pass_multiplier': 0.17589424247113092, 'forward_threshold': 52, 'counter_attack_threshold': 129, 'forward_distance_threshold': 3.2163639278569685, 'slope_threshold': 1.161928202914456, 'counter_press_threshold': 37, 'counter_press_duration': 37, 'recovery_threshold': 112, 'transition_threshold': 25, 'r_opp': 6.109457823452704, 'r_high': 4.311123108287308, 'r_mid': 3.3398475710142517, 'r_low': 0.7159602177183018, 'low_block_threshold': 30.828812317022177, 'mid_block_threshold': 35.40269553469375, 'high_block_threshold': 40.11014765651258, 'y_middle_down_press': 0}. Best is trial 13 with value: 15.718750000000002.
[I 2023-06-28 05:11:12,932] Trial 56 finished with value: 92.08272058823529 and parameters: {'set_piece_duration': 208, 'long_ball_threshold': 137, 'long_ball_height_threshold': 5.009854066400678, 'long_ball_distance': 0.22816706099851564, 'prev_pass_multiplier': 0.1823326866489326, 'forward_threshold': 55, 'counter_attack_threshold': 60, 'forward_distance_threshold': 1.8610264504852307, 'slope_threshold': 1.6831436636106676, 'counter_press_threshold': 35, 'counter_press_duration': 55, 'recovery_threshold': 175, 'transition_threshold': 7, 'r_opp': 7.677023460107338, 'r_high': 4.465646432767208, 'r_mid': 1.9282519125280446, 'r_low': 0.8326930342059359, 'low_block_threshold': 31.625922149296795, 'mid_block_threshold': 35.545154337174644, 'high_block_threshold': 43.001362031603904, 'y_middle_down_press': 0}. Best is trial 13 with value: 15.718750000000002.
[I 2023-06-28 05:13:36,050] Trial 7 finished with value: 90.50183823529412 and parameters: {'set_piece_duration': 214, 'long_ball_threshold': 136, 'long_ball_height_threshold': 3.9823145417970776, 'long_ball_distance': 0.3565138796887261, 'prev_pass_multiplier': 0.10119018987945724, 'forward_threshold': 59, 'counter_attack_threshold': 59, 'forward_distance_threshold': 3.444207462270973, 'slope_threshold': 1.0062579263756586, 'counter_press_threshold': 18, 'counter_press_duration': 25, 'recovery_threshold': 134, 'transition_threshold': 17, 'r_opp': 5.666423055737297, 'r_high': 4.585808781599957, 'r_mid': 2.2160805166382107, 'r_low': 1.661229192850613, 'low_block_threshold': 33.670711618816846, 'mid_block_threshold': 37.06894702894694, 'high_block_threshold': 38.36599848605901, 'y_middle_down_press': 0}. Best is trial 13 with value: 15.718750000000002.
[I 2023-06-28 05:14:13,988] Trial 10 finished with value: 19.74816176470588 and parameters: {'set_piece_duration': 159, 'long_ball_threshold': 129, 'long_ball_height_threshold': 3.756548530667478, 'long_ball_distance': 0.36523688254646913, 'prev_pass_multiplier': 0.13147856843162725, 'forward_threshold': 30, 'counter_attack_threshold': 125, 'forward_distance_threshold': 3.2021425519731217, 'slope_threshold': 1.3676265722053502, 'counter_press_threshold': 27, 'counter_press_duration': 74, 'recovery_threshold': 78, 'transition_threshold': 42, 'r_opp': 6.7706213145562435, 'r_high': 5.216784032479531, 'r_mid': 1.9187721367403991, 'r_low': 1.6121824259795285, 'low_block_threshold': 34.513018343331055, 'mid_block_threshold': 36.65046335113993, 'high_block_threshold': 43.89596607608919, 'y_middle_down_press': -17.5}. Best is trial 13 with value: 15.718750000000002.
[I 2023-06-28 05:14:14,722] Trial 123 finished with value: 92.90992647058823 and parameters: {'set_piece_duration': 166, 'long_ball_threshold': 158, 'long_ball_height_threshold': 3.0732540410769893, 'long_ball_distance': 0.4319865010812127, 'prev_pass_multiplier': 0.16901490288190224, 'forward_threshold': 49, 'counter_attack_threshold': 137, 'forward_distance_threshold': 2.9191744240949795, 'slope_threshold': 0.5910199164634907, 'counter_press_threshold': 15, 'counter_press_duration': 29, 'recovery_threshold': 92, 'transition_threshold': 28, 'r_opp': 7.112441227425155, 'r_high': 4.55433421390599, 'r_mid': 3.0401499322362096, 'r_low': 0.7432023342133289, 'low_block_threshold': 31.32456947610717, 'mid_block_threshold': 35.72467252852299, 'high_block_threshold': 42.91239617421404, 'y_middle_down_press': 0}. Best is trial 13 with value: 15.718750000000002.
[I 2023-06-28 05:14:31,135] Trial 88 finished with value: 79.91176470588235 and parameters: {'set_piece_duration': 179, 'long_ball_threshold': 123, 'long_ball_height_threshold': 2.7975030041826945, 'long_ball_distance': 0.42907864460805706, 'prev_pass_multiplier': 0.10559896315665034, 'forward_threshold': 58, 'counter_attack_threshold': 121, 'forward_distance_threshold': 3.1940609688172583, 'slope_threshold': 1.141969535919485, 'counter_press_threshold': 17, 'counter_press_duration': 77, 'recovery_threshold': 158, 'transition_threshold': 3, 'r_opp': 7.710071303629274, 'r_high': 5.473135322072931, 'r_mid': 2.910638091831771, 'r_low': 1.5653054870703578, 'low_block_threshold': 31.731731541364486, 'mid_block_threshold': 37.30323795168329, 'high_block_threshold': 40.78599611355445, 'y_middle_down_press': 0}. Best is trial 13 with value: 15.718750000000002.
[I 2023-06-28 05:15:47,213] Trial 25 finished with value: 93.46507352941177 and parameters: {'set_piece_duration': 214, 'long_ball_threshold': 113, 'long_ball_height_threshold': 3.1550762361568565, 'long_ball_distance': 0.3973253206251534, 'prev_pass_multiplier': 0.1841702992711719, 'forward_threshold': 59, 'counter_attack_threshold': 137, 'forward_distance_threshold': 3.132973710947185, 'slope_threshold': 1.2159553930346554, 'counter_press_threshold': 12, 'counter_press_duration': 32, 'recovery_threshold': 146, 'transition_threshold': 13, 'r_opp': 6.840340707770667, 'r_high': 4.099336646399566, 'r_mid': 2.4540028098451536, 'r_low': 1.169589005325018, 'low_block_threshold': 32.430669295310594, 'mid_block_threshold': 35.254057311945395, 'high_block_threshold': 42.98624741078245, 'y_middle_down_press': 0}. Best is trial 13 with value: 15.718750000000002.
[I 2023-06-28 05:19:02,094] Trial 107 finished with value: 86.96323529411765 and parameters: {'set_piece_duration': 178, 'long_ball_threshold': 216, 'long_ball_height_threshold': 4.0188763179155025, 'long_ball_distance': 0.420891332652362, 'prev_pass_multiplier': 0.12422781660361487, 'forward_threshold': 44, 'counter_attack_threshold': 105, 'forward_distance_threshold': 1.5082999659241985, 'slope_threshold': 1.5751188124934545, 'counter_press_threshold': 49, 'counter_press_duration': 100, 'recovery_threshold': 155, 'transition_threshold': 3, 'r_opp': 5.736462432020332, 'r_high': 4.946693673310976, 'r_mid': 2.1652642862795, 'r_low': 0.5311999795044217, 'low_block_threshold': 32.61707277618195, 'mid_block_threshold': 37.360880540386276, 'high_block_threshold': 37.68291505800776, 'y_middle_down_press': 0}. Best is trial 13 with value: 15.718750000000002.
[I 2023-06-28 05:20:22,223] Trial 98 finished with value: 81.93933823529412 and parameters: {'set_piece_duration': 219, 'long_ball_threshold': 85, 'long_ball_height_threshold': 4.662114584305956, 'long_ball_distance': 0.20892316618266024, 'prev_pass_multiplier': 0.18817504247604386, 'forward_threshold': 58, 'counter_attack_threshold': 127, 'forward_distance_threshold': 4.921561568376969, 'slope_threshold': 1.126003961529277, 'counter_press_threshold': 11, 'counter_press_duration': 66, 'recovery_threshold': 155, 'transition_threshold': 23, 'r_opp': 5.575419771036944, 'r_high': 5.020753916220277, 'r_mid': 2.066384080430259, 'r_low': 1.1389715513843104, 'low_block_threshold': 32.180175079263, 'mid_block_threshold': 35.232683608672794, 'high_block_threshold': 38.57869747662376, 'y_middle_down_press': 0}. Best is trial 13 with value: 15.718750000000002.
