[I 2023-06-28 06:00:59,692] Trial 92 finished with value: 93.97242647058823 and parameters: {'set_piece_duration': 182, 'long_ball_threshold': 77, 'long_ball_height_threshold': 5.161592099207809, 'long_ball_distance': 0.2887537387628353, 'prev_pass_multiplier': 0.17801396537242994, 'forward_threshold': 27, 'counter_attack_threshold': 127, 'forward_distance_threshold': 3.508125724023186, 'slope_threshold': 0.8237058265212247, 'counter_press_threshold': 34, 'counter_press_duration': 74, 'recovery_threshold': 90, 'transition_threshold': 11, 'r_opp': 6.431443336635094, 'r_high': 4.831262553921966, 'r_mid': 1.7870784254792023, 'r_low': 1.3575438888282738, 'low_block_threshold': 34.55305139081029, 'mid_block_threshold': 35.07548301839347, 'high_block_threshold': 42.76287201116149, 'y_middle_down_press': 0}. Best is trial 90 with value: 13.744485294117647.
[I 2023-06-28 06:01:17,393] Trial 47 finished with value: 85.4779411764706 and parameters: {'set_piece_duration': 103, 'long_ball_threshold': 144, 'long_ball_height_threshold': 4.319960350264751, 'long_ball_distance': 0.25613375446281755, 'prev_pass_multiplier': 0.19899618492552784, 'forward_threshold': 100, 'counter_attack_threshold': 34, 'forward_distance_threshold': 2.464107408089753, 'slope_threshold': 0.834715497081861, 'counter_press_threshold': 15, 'counter_press_duration': 100, 'recovery_threshold': 200, 'transition_threshold': 35, 'r_opp': 5.491472967560924, 'r_high': 4.800913561873417, 'r_mid': 2.5877743157130118, 'r_low': 0.7250358361150799, 'low_block_threshold': 32.247740478221516, 'mid_block_threshold': 36.346447383300614, 'high_block_threshold': 42.64167827994685, 'y_middle_down_press': 0}. Best is trial 90 with value: 13.744485294117647.
[I 2023-06-28 06:01:54,926] Trial 12 finished with value: 15.27389705882353 and parameters: {'set_piece_duration': 197, 'long_ball_threshold': 91, 'long_ball_height_threshold': 3.119057369503775, 'long_ball_distance': 0.4431120350359684, 'prev_pass_multiplier': 0.1680357461194915, 'forward_threshold': 45, 'counter_attack_threshold': 106, 'forward_distance_threshold': 1.6728054059807125, 'slope_threshold': 1.056130434618012, 'counter_press_threshold': 14, 'counter_press_duration': 76, 'recovery_threshold': 142, 'transition_threshold': 36, 'r_opp': 5.872943302706929, 'r_high': 5.030048017042229, 'r_mid': 2.35469137817371, 'r_low': 0.7547890118313234, 'low_block_threshold': 31.66666272157993, 'mid_block_threshold': 35.05919548893075, 'high_block_threshold': 37.796356947178424, 'y_middle_down_press': -17.5}. Best is trial 90 with value: 13.744485294117647.
[I 2023-06-28 06:03:40,085] Trial 96 finished with value: 15.599264705882355 and parameters: {'set_piece_duration': 92, 'long_ball_threshold': 146, 'long_ball_height_threshold': 5.340634766125911, 'long_ball_distance': 0.23227561592616824, 'prev_pass_multiplier': 0.10502599362394914, 'forward_threshold': 25, 'counter_attack_threshold': 54, 'forward_distance_threshold': 3.1150568904194653, 'slope_threshold': 1.742569627888087, 'counter_press_threshold': 26, 'counter_press_duration': 41, 'recovery_threshold': 132, 'transition_threshold': 45, 'r_opp': 5.751521140064713, 'r_high': 5.191983620608142, 'r_mid': 2.350107371416575, 'r_low': 1.1655168830875993, 'low_block_threshold': 34.365971238295046, 'mid_block_threshold': 35.12013236382937, 'high_block_threshold': 44.756337147507885, 'y_middle_down_press': -17.5}. Best is trial 90 with value: 13.744485294117647.
[I 2023-06-28 06:08:55,401] Trial 112 finished with value: 84.14705882352942 and parameters: {'set_piece_duration': 197, 'long_ball_threshold': 125, 'long_ball_height_threshold': 3.4450850584067783, 'long_ball_distance': 0.46281232064046524, 'prev_pass_multiplier': 0.19653813213018592, 'forward_threshold': 47, 'counter_attack_threshold': 126, 'forward_distance_threshold': 2.925375623216806, 'slope_threshold': 0.7218972578910079, 'counter_press_threshold': 40, 'counter_press_duration': 99, 'recovery_threshold': 173, 'transition_threshold': 27, 'r_opp': 6.840834116009582, 'r_high': 5.400790156082221, 'r_mid': 2.939744383642725, 'r_low': 0.7523848986855861, 'low_block_threshold': 31.09944944977688, 'mid_block_threshold': 36.57613722674401, 'high_block_threshold': 40.974949170477494, 'y_middle_down_press': 0}. Best is trial 90 with value: 13.744485294117647.
[I 2023-06-28 06:10:04,105] Trial 24 finished with value: 89.04411764705883 and parameters: {'set_piece_duration': 208, 'long_ball_threshold': 132, 'long_ball_height_threshold': 3.1899685564845837, 'long_ball_distance': 0.3937804628838798, 'prev_pass_multiplier': 0.10590034112719686, 'forward_threshold': 89, 'counter_attack_threshold': 123, 'forward_distance_threshold': 2.6105867735737127, 'slope_threshold': 1.1185382992709505, 'counter_press_threshold': 40, 'counter_press_duration': 69, 'recovery_threshold': 85, 'transition_threshold': 49, 'r_opp': 6.627447951970253, 'r_high': 4.27161974352893, 'r_mid': 2.5395348816801215, 'r_low': 1.0017952857831938, 'low_block_threshold': 34.33031749573808, 'mid_block_threshold': 37.0466681424514, 'high_block_threshold': 41.15401235908749, 'y_middle_down_press': 0}. Best is trial 90 with value: 13.744485294117647.
[I 2023-06-28 06:10:04,318] Trial 42 finished with value: 15.53125 and parameters: {'set_piece_duration': 193, 'long_ball_threshold': 189, 'long_ball_height_threshold': 1.8364021180931824, 'long_ball_distance': 0.46789104972949647, 'prev_pass_multiplier': 0.12128095410188783, 'forward_threshold': 70, 'counter_attack_threshold': 52, 'forward_distance_threshold': 3.184002099345697, 'slope_threshold': 0.5717840041500019, 'counter_press_threshold': 21, 'counter_press_duration': 44, 'recovery_threshold': 157, 'transition_threshold': 44, 'r_opp': 5.4310397274925934, 'r_high': 5.629698796090521, 'r_mid': 2.9844768723688917, 'r_low': 1.6565338686266895, 'low_block_threshold': 31.13472230261078, 'mid_block_threshold': 35.574296766692925, 'high_block_threshold': 39.45368489536341, 'y_middle_down_press': -17.5}. Best is trial 90 with value: 13.744485294117647.
[I 2023-06-28 06:10:29,954] Trial 32 finished with value: 16.797794117647058 and parameters: {'set_piece_duration': 153, 'long_ball_threshold': 192, 'long_ball_height_threshold': 2.576897669099648, 'long_ball_distance': 0.2535676715112837, 'prev_pass_multiplier': 0.10022282196983057, 'forward_threshold': 44, 'counter_attack_threshold': 134, 'forward_distance_threshold': 4.884358689758617, 'slope_threshold': 1.3586218299146973, 'counter_press_threshold': 20, 'counter_press_duration': 49, 'recovery_threshold': 128, 'transition_threshold': 10, 'r_opp': 5.379876298441322, 'r_high': 4.121718185930452, 'r_mid': 2.063569967384031, 'r_low': 1.2774883358207767, 'low_block_threshold': 33.748001277479275, 'mid_block_threshold': 36.611338171790734, 'high_block_threshold': 41.06988866233834, 'y_middle_down_press': -17.5}. Best is trial 90 with value: 13.744485294117647.
[I 2023-06-28 06:10:41,167] Trial 16 finished with value: 92.16176470588235 and parameters: {'set_piece_duration': 203, 'long_ball_threshold': 153, 'long_ball_height_threshold': 2.6682614951591814, 'long_ball_distance': 0.2945507824535245, 'prev_pass_multiplier': 0.12027646065423914, 'forward_threshold': 95, 'counter_attack_threshold': 147, 'forward_distance_threshold': 3.4065525149646634, 'slope_threshold': 0.7260483833301599, 'counter_press_threshold': 36, 'counter_press_duration': 68, 'recovery_threshold': 107, 'transition_threshold': 50, 'r_opp': 6.657217283216674, 'r_high': 5.304020004934749, 'r_mid': 1.9947015958805954, 'r_low': 0.9668780770714942, 'low_block_threshold': 33.109270787305825, 'mid_block_threshold': 36.31046379972728, 'high_block_threshold': 42.62502457696799, 'y_middle_down_press': 0}. Best is trial 90 with value: 13.744485294117647.
[I 2023-06-28 06:12:13,934] Trial 66 finished with value: 80.43198529411765 and parameters: {'set_piece_duration': 87, 'long_ball_threshold': 175, 'long_ball_height_threshold': 3.6428742677337507, 'long_ball_distance': 0.2075356597745076, 'prev_pass_multiplier': 0.15761623268189986, 'forward_threshold': 33, 'counter_attack_threshold': 58, 'forward_distance_threshold': 5.280094580799986, 'slope_threshold': 0.905321298434157, 'counter_press_threshold': 44, 'counter_press_duration': 45, 'recovery_threshold': 159, 'transition_threshold': 24, 'r_opp': 6.7681808610877425, 'r_high': 4.548070293046271, 'r_mid': 3.162495535609919, 'r_low': 1.0257217684259108, 'low_block_threshold': 31.273642464222608, 'mid_block_threshold': 35.51744484537712, 'high_block_threshold': 43.369926311602754, 'y_middle_down_press': 0}. Best is trial 90 with value: 13.744485294117647.
[I 2023-06-28 06:12:33,241] Trial 110 finished with value: 72.51286764705883 and parameters: {'set_piece_duration': 120, 'long_ball_threshold': 216, 'long_ball_height_threshold': 2.463319059585651, 'long_ball_distance': 0.4100278867619942, 'prev_pass_multiplier': 0.16010029886942495, 'forward_threshold': 63, 'counter_attack_threshold': 55, 'forward_distance_threshold': 5.362667984582426, 'slope_threshold': 1.036435668894197, 'counter_press_threshold': 31, 'counter_press_duration': 92, 'recovery_threshold': 151, 'transition_threshold': 49, 'r_opp': 5.202828578358481, 'r_high': 5.362285250132741, 'r_mid': 3.4774336254380502, 'r_low': 1.4096762916224004, 'low_block_threshold': 30.772220964332565, 'mid_block_threshold': 37.37224259010123, 'high_block_threshold': 40.65122757608478, 'y_middle_down_press': 0}. Best is trial 90 with value: 13.744485294117647.
[I 2023-06-28 06:20:13,613] Trial 33 finished with value: 86.72058823529412 and parameters: {'set_piece_duration': 184, 'long_ball_threshold': 207, 'long_ball_height_threshold': 3.609547707610273, 'long_ball_distance': 0.2434388573120058, 'prev_pass_multiplier': 0.11693893069717137, 'forward_threshold': 61, 'counter_attack_threshold': 53, 'forward_distance_threshold': 5.344735346943981, 'slope_threshold': 1.510141671232341, 'counter_press_threshold': 48, 'counter_press_duration': 68, 'recovery_threshold': 183, 'transition_threshold': 10, 'r_opp': 5.917026746203848, 'r_high': 5.178086489428226, 'r_mid': 2.53011899601268, 'r_low': 1.7127396753321609, 'low_block_threshold': 34.15357898781863, 'mid_block_threshold': 35.25126391358851, 'high_block_threshold': 40.451608267015445, 'y_middle_down_press': 0}. Best is trial 90 with value: 13.744485294117647.
[I 2023-06-28 06:20:35,553] Trial 91 finished with value: 81.67279411764706 and parameters: {'set_piece_duration': 172, 'long_ball_threshold': 78, 'long_ball_height_threshold': 2.7703996673367834, 'long_ball_distance': 0.434121206258127, 'prev_pass_multiplier': 0.14053925878752874, 'forward_threshold': 63, 'counter_attack_threshold': 136, 'forward_distance_threshold': 4.945437663141044, 'slope_threshold': 1.1287627815130166, 'counter_press_threshold': 13, 'counter_press_duration': 71, 'recovery_threshold': 130, 'transition_threshold': 38, 'r_opp': 5.153103848011868, 'r_high': 4.9550146321225945, 'r_mid': 2.4771579946865705, 'r_low': 1.1393224649190223, 'low_block_threshold': 33.63292172055573, 'mid_block_threshold': 36.921380844179524, 'high_block_threshold': 39.50188130943993, 'y_middle_down_press': 0}. Best is trial 90 with value: 13.744485294117647.
[I 2023-06-28 06:20:54,979] Trial 59 finished with value: 21.74632352941176 and parameters: {'set_piece_duration': 183, 'long_ball_threshold': 95, 'long_ball_height_threshold': 5.139451612128353, 'long_ball_distance': 0.35741220909857996, 'prev_pass_multiplier': 0.15827650300180165, 'forward_threshold': 88, 'counter_attack_threshold': 30, 'forward_distance_threshold': 3.3739098635897387, 'slope_threshold': 0.6061555411166801, 'counter_press_threshold': 12, 'counter_press_duration': 91, 'recovery_threshold': 182, 'transition_threshold': 8, 'r_opp': 7.587123893947851, 'r_high': 5.35379106056024, 'r_mid': 2.874002406291529, 'r_low': 0.6068305508543046, 'low_block_threshold': 33.62867621184092, 'mid_block_threshold': 36.18623127875539, 'high_block_threshold': 42.167884761074504, 'y_middle_down_press': -17.5}. Best is trial 90 with value: 13.744485294117647.
[I 2023-06-28 06:23:31,680] Trial 58 finished with value: 88.07720588235294 and parameters: {'set_piece_duration': 125, 'long_ball_threshold': 189, 'long_ball_height_threshold': 4.540777678921742, 'long_ball_distance': 0.42551747375161564, 'prev_pass_multiplier': 0.1036783788903981, 'forward_threshold': 44, 'counter_attack_threshold': 45, 'forward_distance_threshold': 3.6879394572374196, 'slope_threshold': 1.7438194214562512, 'counter_press_threshold': 28, 'counter_press_duration': 52, 'recovery_threshold': 198, 'transition_threshold': 2, 'r_opp': 6.407406966183613, 'r_high': 4.843528574042381, 'r_mid': 1.7670013543965353, 'r_low': 0.9494441919767791, 'low_block_threshold': 32.09926194283119, 'mid_block_threshold': 37.45399088750778, 'high_block_threshold': 41.56118243386466, 'y_middle_down_press': 0}. Best is trial 90 with value: 13.744485294117647.
[I 2023-06-28 06:23:44,153] Trial 82 finished with value: 73.91911764705883 and parameters: {'set_piece_duration': 111, 'long_ball_threshold': 96, 'long_ball_height_threshold': 3.315102195287323, 'long_ball_distance': 0.3899766896902483, 'prev_pass_multiplier': 0.14883969362970828, 'forward_threshold': 36, 'counter_attack_threshold': 117, 'forward_distance_threshold': 2.8817513914093165, 'slope_threshold': 1.339635442611506, 'counter_press_threshold': 38, 'counter_press_duration': 50, 'recovery_threshold': 117, 'transition_threshold': 6, 'r_opp': 6.050061224749612, 'r_high': 4.725810371436582, 'r_mid': 2.1420427487014426, 'r_low': 1.6755467420930072, 'low_block_threshold': 30.979473685732835, 'mid_block_threshold': 36.141343266309036, 'high_block_threshold': 39.233246362727826, 'y_middle_down_press': 0}. Best is trial 90 with value: 13.744485294117647.
[I 2023-06-28 06:23:47,472] Trial 45 finished with value: 78.10661764705884 and parameters: {'set_piece_duration': 106, 'long_ball_threshold': 81, 'long_ball_height_threshold': 2.4123811618212714, 'long_ball_distance': 0.26022874017992403, 'prev_pass_multiplier': 0.1910449236399317, 'forward_threshold': 95, 'counter_attack_threshold': 64, 'forward_distance_threshold': 1.8657070333427783, 'slope_threshold': 0.5018211201838076, 'counter_press_threshold': 32, 'counter_press_duration': 62, 'recovery_threshold': 142, 'transition_threshold': 18, 'r_opp': 5.058807020492846, 'r_high': 5.1070401650066595, 'r_mid': 2.0863013055340476, 'r_low': 1.159558798257816, 'low_block_threshold': 31.120494620988836, 'mid_block_threshold': 36.01199263762474, 'high_block_threshold': 42.765293682828904, 'y_middle_down_press': 0}. Best is trial 90 with value: 13.744485294117647.
[I 2023-06-28 06:25:30,911] Trial 87 finished with value: 81.4375 and parameters: {'set_piece_duration': 202, 'long_ball_threshold': 108, 'long_ball_height_threshold': 4.371805887637816, 'long_ball_distance': 0.3249497445175865, 'prev_pass_multiplier': 0.19924247885408025, 'forward_threshold': 88, 'counter_attack_threshold': 87, 'forward_distance_threshold': 3.511352754323482, 'slope_threshold': 0.9439807667231512, 'counter_press_threshold': 30, 'counter_press_duration': 45, 'recovery_threshold': 171, 'transition_threshold': 24, 'r_opp': 7.132129063700663, 'r_high': 5.7971103576148195, 'r_mid': 3.076005118989653, 'r_low': 1.5173277897781645, 'low_block_threshold': 32.93873662864351, 'mid_block_threshold': 36.01026802803317, 'high_block_threshold': 40.57005754960628, 'y_middle_down_press': 0}. Best is trial 90 with value: 13.744485294117647.
[I 2023-06-28 06:28:15,790] Trial 26 finished with value: 91.78860294117646 and parameters: {'set_piece_duration': 216, 'long_ball_threshold': 121, 'long_ball_height_threshold': 3.490887567528449, 'long_ball_distance': 0.20666167519093764, 'prev_pass_multiplier': 0.12883015532077627, 'forward_threshold': 90, 'counter_attack_threshold': 139, 'forward_distance_threshold': 2.477785462231238, 'slope_threshold': 0.5739518963173578, 'counter_press_threshold': 25, 'counter_press_duration': 26, 'recovery_threshold': 99, 'transition_threshold': 31, 'r_opp': 6.684430539728831, 'r_high': 4.762339205245572, 'r_mid': 2.7621448804589708, 'r_low': 1.410378580512762, 'low_block_threshold': 31.2067223692757, 'mid_block_threshold': 35.06476621872284, 'high_block_threshold': 44.276599093219495, 'y_middle_down_press': 0}. Best is trial 90 with value: 13.744485294117647.
[I 2023-06-28 06:30:47,909] Trial 75 finished with value: 83.08823529411765 and parameters: {'set_piece_duration': 158, 'long_ball_threshold': 76, 'long_ball_height_threshold': 2.8063751433749395, 'long_ball_distance': 0.37411951979691865, 'prev_pass_multiplier': 0.1582292493396622, 'forward_threshold': 90, 'counter_attack_threshold': 100, 'forward_distance_threshold': 3.3865730876291544, 'slope_threshold': 1.4799751178309957, 'counter_press_threshold': 37, 'counter_press_duration': 89, 'recovery_threshold': 77, 'transition_threshold': 49, 'r_opp': 7.0373917981475955, 'r_high': 4.182854312679117, 'r_mid': 1.7912556448969426, 'r_low': 1.4769176549858705, 'low_block_threshold': 31.75650768519597, 'mid_block_threshold': 36.996476673971515, 'high_block_threshold': 38.4422797663981, 'y_middle_down_press': 0}. Best is trial 90 with value: 13.744485294117647.
[I 2023-06-28 06:31:08,516] Trial 111 finished with value: 79.25367647058823 and parameters: {'set_piece_duration': 190, 'long_ball_threshold': 177, 'long_ball_height_threshold': 3.636390186204144, 'long_ball_distance': 0.3553690341639173, 'prev_pass_multiplier': 0.13723105100226157, 'forward_threshold': 48, 'counter_attack_threshold': 110, 'forward_distance_threshold': 3.896274328148953, 'slope_threshold': 1.2750135145047548, 'counter_press_threshold': 39, 'counter_press_duration': 55, 'recovery_threshold': 90, 'transition_threshold': 48, 'r_opp': 7.6676489308243605, 'r_high': 4.81444784868548, 'r_mid': 3.137955154005809, 'r_low': 1.5323258138292226, 'low_block_threshold': 30.8719304632755, 'mid_block_threshold': 36.96989184925733, 'high_block_threshold': 42.00111584727252, 'y_middle_down_press': 0}. Best is trial 90 with value: 13.744485294117647.
[I 2023-06-28 06:31:11,147] Trial 57 finished with value: 77.42095588235294 and parameters: {'set_piece_duration': 137, 'long_ball_threshold': 83, 'long_ball_height_threshold': 2.3552401768851876, 'long_ball_distance': 0.21738825846803167, 'prev_pass_multiplier': 0.1668722192066579, 'forward_threshold': 55, 'counter_attack_threshold': 150, 'forward_distance_threshold': 3.1348179209511597, 'slope_threshold': 1.69691944415916, 'counter_press_threshold': 45, 'counter_press_duration': 47, 'recovery_threshold': 182, 'transition_threshold': 8, 'r_opp': 6.2954056101759885, 'r_high': 5.561036843238716, 'r_mid': 1.775409685853426, 'r_low': 0.6694486627242441, 'low_block_threshold': 30.1863444923618, 'mid_block_threshold': 36.8236190281683, 'high_block_threshold': 39.55239999193499, 'y_middle_down_press': 0}. Best is trial 90 with value: 13.744485294117647.
[I 2023-06-28 06:33:42,509] Trial 99 finished with value: 95.59558823529412 and parameters: {'set_piece_duration': 128, 'long_ball_threshold': 147, 'long_ball_height_threshold': 3.4069438868809288, 'long_ball_distance': 0.3864559953048416, 'prev_pass_multiplier': 0.12484510334488061, 'forward_threshold': 99, 'counter_attack_threshold': 69, 'forward_distance_threshold': 4.505330391955274, 'slope_threshold': 1.1882489638644183, 'counter_press_threshold': 45, 'counter_press_duration': 30, 'recovery_threshold': 87, 'transition_threshold': 10, 'r_opp': 6.74316101661433, 'r_high': 4.675676721406532, 'r_mid': 2.7768169423576703, 'r_low': 1.4979050124264015, 'low_block_threshold': 34.41004242459368, 'mid_block_threshold': 36.420879897137596, 'high_block_threshold': 44.87277515251226, 'y_middle_down_press': 0}. Best is trial 90 with value: 13.744485294117647.
[I 2023-06-28 06:34:44,325] Trial 44 finished with value: 19.900735294117645 and parameters: {'set_piece_duration': 110, 'long_ball_threshold': 76, 'long_ball_height_threshold': 2.010080500430397, 'long_ball_distance': 0.22015913433520887, 'prev_pass_multiplier': 0.1440317685807752, 'forward_threshold': 28, 'counter_attack_threshold': 32, 'forward_distance_threshold': 5.261532765754683, 'slope_threshold': 0.8662869274805549, 'counter_press_threshold': 44, 'counter_press_duration': 75, 'recovery_threshold': 174, 'transition_threshold': 10, 'r_opp': 5.504631215118951, 'r_high': 4.8820125124051685, 'r_mid': 2.765347872620191, 'r_low': 1.1308843421917283, 'low_block_threshold': 30.374782675725463, 'mid_block_threshold': 36.64733192188945, 'high_block_threshold': 44.40027896187087, 'y_middle_down_press': -17.5}. Best is trial 90 with value: 13.744485294117647.
[I 2023-06-28 06:34:54,040] Trial 86 finished with value: 81.12867647058823 and parameters: {'set_piece_duration': 174, 'long_ball_threshold': 206, 'long_ball_height_threshold': 4.444876074405304, 'long_ball_distance': 0.28688749828739274, 'prev_pass_multiplier': 0.1854229902007809, 'forward_threshold': 47, 'counter_attack_threshold': 110, 'forward_distance_threshold': 5.218572419782616, 'slope_threshold': 1.6984456229065288, 'counter_press_threshold': 38, 'counter_press_duration': 32, 'recovery_threshold': 87, 'transition_threshold': 33, 'r_opp': 5.404189972160912, 'r_high': 5.9468198948087565, 'r_mid': 3.2857633773552766, 'r_low': 1.6525817673052012, 'low_block_threshold': 32.24398430733298, 'mid_block_threshold': 36.75741439256297, 'high_block_threshold': 41.68786364041934, 'y_middle_down_press': 0}. Best is trial 90 with value: 13.744485294117647.
