[I 2023-06-30 11:46:14,797] Trial 181 finished with value: 14.363970588235293 and parameters: {'set_piece_duration': 193, 'long_ball_threshold': 175, 'long_ball_height_threshold': 3.488189039679943, 'long_ball_distance': 0.4480134109022638, 'prev_pass_multiplier': 0.12654290030264448, 'forward_threshold': 41, 'counter_attack_threshold': 96, 'forward_distance_threshold': 2.1080090295592697, 'slope_threshold': 0.9555529227154093, 'counter_press_threshold': 23, 'counter_press_duration': 48, 'recovery_threshold': 143, 'transition_threshold': 50, 'r_opp': 5.849119734064832, 'r_high': 5.06168613969136, 'r_mid': 2.2841824685299157, 'r_low': 1.2298666174224127, 'low_block_threshold': 32.06416870012152, 'mid_block_threshold': 35.333821049130826, 'high_block_threshold': 37.57705045924926, 'y_middle_down_press': -17.5}. Best is trial 149 with value: 13.03125.
[I 2023-06-30 11:46:19,043] Trial 175 finished with value: 17.303308823529413 and parameters: {'set_piece_duration': 200, 'long_ball_threshold': 210, 'long_ball_height_threshold': 3.587145316463265, 'long_ball_distance': 0.4672339369358505, 'prev_pass_multiplier': 0.12696070030740056, 'forward_threshold': 42, 'counter_attack_threshold': 98, 'forward_distance_threshold': 2.123751974527378, 'slope_threshold': 0.6878604748032238, 'counter_press_threshold': 21, 'counter_press_duration': 71, 'recovery_threshold': 85, 'transition_threshold': 50, 'r_opp': 5.051500312953762, 'r_high': 5.967309931871599, 'r_mid': 2.3093655137087055, 'r_low': 1.4258429857114083, 'low_block_threshold': 31.81267872743049, 'mid_block_threshold': 37.34759814091919, 'high_block_threshold': 44.92826118405891, 'y_middle_down_press': -17.5}. Best is trial 149 with value: 13.03125.
[I 2023-06-30 11:46:53,852] Trial 178 finished with value: 16.354779411764703 and parameters: {'set_piece_duration': 188, 'long_ball_threshold': 175, 'long_ball_height_threshold': 3.305419157688045, 'long_ball_distance': 0.4517229165952827, 'prev_pass_multiplier': 0.12753540463298718, 'forward_threshold': 40, 'counter_attack_threshold': 144, 'forward_distance_threshold': 1.9571395596885606, 'slope_threshold': 0.6884253983877772, 'counter_press_threshold': 22, 'counter_press_duration': 49, 'recovery_threshold': 86, 'transition_threshold': 44, 'r_opp': 5.89033010789453, 'r_high': 5.2029719786638395, 'r_mid': 2.2993190665531116, 'r_low': 1.2239408146304025, 'low_block_threshold': 31.936052453156375, 'mid_block_threshold': 37.4740504620745, 'high_block_threshold': 37.67097571878473, 'y_middle_down_press': -17.5}. Best is trial 149 with value: 13.03125.
[I 2023-06-30 11:51:40,423] Trial 176 finished with value: 15.20404411764706 and parameters: {'set_piece_duration': 199, 'long_ball_threshold': 174, 'long_ball_height_threshold': 3.539754632390057, 'long_ball_distance': 0.4688558536466401, 'prev_pass_multiplier': 0.12735967902776313, 'forward_threshold': 32, 'counter_attack_threshold': 79, 'forward_distance_threshold': 2.02259026288134, 'slope_threshold': 0.6868868890692115, 'counter_press_threshold': 23, 'counter_press_duration': 70, 'recovery_threshold': 200, 'transition_threshold': 0, 'r_opp': 5.816088248215643, 'r_high': 5.714650853041645, 'r_mid': 2.289241714055727, 'r_low': 1.4560531437401323, 'low_block_threshold': 31.814139042603735, 'mid_block_threshold': 37.46530887111959, 'high_block_threshold': 37.73424488427567, 'y_middle_down_press': -17.5}. Best is trial 149 with value: 13.03125.
[I 2023-06-30 11:51:54,359] Trial 174 finished with value: 18.70772058823529 and parameters: {'set_piece_duration': 193, 'long_ball_threshold': 174, 'long_ball_height_threshold': 3.510802124562564, 'long_ball_distance': 0.4517135098106553, 'prev_pass_multiplier': 0.13562547951122303, 'forward_threshold': 42, 'counter_attack_threshold': 97, 'forward_distance_threshold': 2.0076579780641546, 'slope_threshold': 0.5575856479861689, 'counter_press_threshold': 46, 'counter_press_duration': 72, 'recovery_threshold': 121, 'transition_threshold': 50, 'r_opp': 5.298980466082157, 'r_high': 4.8286736640933485, 'r_mid': 2.2595378817638774, 'r_low': 1.4480232778613287, 'low_block_threshold': 31.95837137232955, 'mid_block_threshold': 37.474726288985096, 'high_block_threshold': 37.716345083427655, 'y_middle_down_press': -17.5}. Best is trial 149 with value: 13.03125.
[I 2023-06-30 11:53:01,601] Trial 179 finished with value: 20.893382352941178 and parameters: {'set_piece_duration': 196, 'long_ball_threshold': 175, 'long_ball_height_threshold': 3.4194171410932492, 'long_ball_distance': 0.44872511176894236, 'prev_pass_multiplier': 0.19045731505527055, 'forward_threshold': 42, 'counter_attack_threshold': 143, 'forward_distance_threshold': 2.010771056015346, 'slope_threshold': 0.5266079586609241, 'counter_press_threshold': 41, 'counter_press_duration': 89, 'recovery_threshold': 86, 'transition_threshold': 50, 'r_opp': 5.877206574054491, 'r_high': 5.9830647086990485, 'r_mid': 2.339574397326425, 'r_low': 1.2440360005559956, 'low_block_threshold': 32.0276476670593, 'mid_block_threshold': 37.48907358732177, 'high_block_threshold': 37.56877808472784, 'y_middle_down_press': -17.5}. Best is trial 149 with value: 13.03125.
[I 2023-06-30 11:54:27,750] Trial 187 finished with value: 13.705882352941178 and parameters: {'set_piece_duration': 113, 'long_ball_threshold': 206, 'long_ball_height_threshold': 3.2815027376042742, 'long_ball_distance': 0.44977194618618804, 'prev_pass_multiplier': 0.1262570269851487, 'forward_threshold': 39, 'counter_attack_threshold': 45, 'forward_distance_threshold': 2.041627839256501, 'slope_threshold': 0.5873642579373074, 'counter_press_threshold': 22, 'counter_press_duration': 48, 'recovery_threshold': 139, 'transition_threshold': 44, 'r_opp': 5.199366073014199, 'r_high': 5.180933367053143, 'r_mid': 2.3081729606176973, 'r_low': 1.4096982684337216, 'low_block_threshold': 31.99267247529289, 'mid_block_threshold': 35.29040386962006, 'high_block_threshold': 37.814276728785494, 'y_middle_down_press': -17.5}. Best is trial 149 with value: 13.03125.
[I 2023-06-30 11:58:30,326] Trial 184 finished with value: 14.126838235294116 and parameters: {'set_piece_duration': 75, 'long_ball_threshold': 175, 'long_ball_height_threshold': 3.5749048733827005, 'long_ball_distance': 0.4497942274349483, 'prev_pass_multiplier': 0.13602484625907219, 'forward_threshold': 41, 'counter_attack_threshold': 45, 'forward_distance_threshold': 2.76585123073873, 'slope_threshold': 0.5106077380861547, 'counter_press_threshold': 23, 'counter_press_duration': 49, 'recovery_threshold': 138, 'transition_threshold': 44, 'r_opp': 5.289024347045625, 'r_high': 5.182188492284987, 'r_mid': 2.3247036332442805, 'r_low': 1.4599774865383868, 'low_block_threshold': 32.02631102613096, 'mid_block_threshold': 35.43696421935313, 'high_block_threshold': 37.56138893268946, 'y_middle_down_press': -17.5}. Best is trial 149 with value: 13.03125.
[I 2023-06-30 11:58:40,136] Trial 186 finished with value: 14.65808823529412 and parameters: {'set_piece_duration': 144, 'long_ball_threshold': 178, 'long_ball_height_threshold': 3.5962167683670807, 'long_ball_distance': 0.4490756882588468, 'prev_pass_multiplier': 0.11563404990362622, 'forward_threshold': 41, 'counter_attack_threshold': 45, 'forward_distance_threshold': 1.9628393442459549, 'slope_threshold': 0.5096148101821302, 'counter_press_threshold': 20, 'counter_press_duration': 49, 'recovery_threshold': 142, 'transition_threshold': 44, 'r_opp': 5.2627987933454055, 'r_high': 5.19666859383279, 'r_mid': 2.2913037282571924, 'r_low': 1.2041946912401795, 'low_block_threshold': 32.1101063206482, 'mid_block_threshold': 35.31835451988203, 'high_block_threshold': 44.965264805783015, 'y_middle_down_press': -17.5}. Best is trial 149 with value: 13.03125.
[I 2023-06-30 11:59:54,864] Trial 177 finished with value: 18.860294117647058 and parameters: {'set_piece_duration': 198, 'long_ball_threshold': 176, 'long_ball_height_threshold': 3.4119035037987717, 'long_ball_distance': 0.4719390353285483, 'prev_pass_multiplier': 0.1273251948894989, 'forward_threshold': 41, 'counter_attack_threshold': 97, 'forward_distance_threshold': 2.0313693302240003, 'slope_threshold': 0.5020936344842674, 'counter_press_threshold': 21, 'counter_press_duration': 70, 'recovery_threshold': 122, 'transition_threshold': 44, 'r_opp': 5.85222685317796, 'r_high': 4.859114051599065, 'r_mid': 2.3094448432816437, 'r_low': 1.4334980364624874, 'low_block_threshold': 31.959749462337655, 'mid_block_threshold': 37.25230484530106, 'high_block_threshold': 44.78636989544059, 'y_middle_down_press': -17.5}. Best is trial 149 with value: 13.03125.
[I 2023-06-30 12:02:25,477] Trial 188 finished with value: 14.731617647058824 and parameters: {'set_piece_duration': 146, 'long_ball_threshold': 206, 'long_ball_height_threshold': 3.453665890458157, 'long_ball_distance': 0.4497885554778346, 'prev_pass_multiplier': 0.12662089013232813, 'forward_threshold': 40, 'counter_attack_threshold': 97, 'forward_distance_threshold': 1.92547121657707, 'slope_threshold': 0.5222404294175793, 'counter_press_threshold': 10, 'counter_press_duration': 50, 'recovery_threshold': 142, 'transition_threshold': 44, 'r_opp': 5.817603012722217, 'r_high': 5.178346002745717, 'r_mid': 2.300721045480456, 'r_low': 1.239067989172703, 'low_block_threshold': 31.956342752400776, 'mid_block_threshold': 35.29288382837652, 'high_block_threshold': 37.530521541520976, 'y_middle_down_press': -17.5}. Best is trial 149 with value: 13.03125.
[I 2023-06-30 12:05:12,401] Trial 191 finished with value: 14.582720588235293 and parameters: {'set_piece_duration': 190, 'long_ball_threshold': 198, 'long_ball_height_threshold': 3.2808320162882136, 'long_ball_distance': 0.44913999334976734, 'prev_pass_multiplier': 0.1250854090571756, 'forward_threshold': 40, 'counter_attack_threshold': 97, 'forward_distance_threshold': 1.749704695081925, 'slope_threshold': 0.5124805980537159, 'counter_press_threshold': 20, 'counter_press_duration': 48, 'recovery_threshold': 138, 'transition_threshold': 44, 'r_opp': 5.798212765447397, 'r_high': 5.187974107477239, 'r_mid': 2.333394605603837, 'r_low': 1.0973754097049189, 'low_block_threshold': 31.864959078280066, 'mid_block_threshold': 35.32365156097487, 'high_block_threshold': 37.71343862217588, 'y_middle_down_press': -17.5}. Best is trial 149 with value: 13.03125.
[I 2023-06-30 12:05:18,339] Trial 183 finished with value: 14.360294117647058 and parameters: {'set_piece_duration': 201, 'long_ball_threshold': 179, 'long_ball_height_threshold': 3.6194476743950763, 'long_ball_distance': 0.446572951557152, 'prev_pass_multiplier': 0.10087327424739612, 'forward_threshold': 41, 'counter_attack_threshold': 67, 'forward_distance_threshold': 2.044281798588363, 'slope_threshold': 0.5160620615839022, 'counter_press_threshold': 22, 'counter_press_duration': 50, 'recovery_threshold': 141, 'transition_threshold': 44, 'r_opp': 5.331908736649409, 'r_high': 5.180569776895123, 'r_mid': 2.301454988846064, 'r_low': 1.4397409437491984, 'low_block_threshold': 31.8419838979724, 'mid_block_threshold': 35.29598855958127, 'high_block_threshold': 37.53989834003003, 'y_middle_down_press': -17.5}. Best is trial 149 with value: 13.03125.
[I 2023-06-30 12:05:28,680] Trial 185 finished with value: 14.520220588235293 and parameters: {'set_piece_duration': 189, 'long_ball_threshold': 177, 'long_ball_height_threshold': 3.590266332205292, 'long_ball_distance': 0.48033528465511116, 'prev_pass_multiplier': 0.12643007213955676, 'forward_threshold': 40, 'counter_attack_threshold': 98, 'forward_distance_threshold': 1.992584884248125, 'slope_threshold': 0.5157350765118931, 'counter_press_threshold': 22, 'counter_press_duration': 50, 'recovery_threshold': 141, 'transition_threshold': 44, 'r_opp': 5.290807926048042, 'r_high': 5.176514139807145, 'r_mid': 2.279661894195387, 'r_low': 1.4659647776704385, 'low_block_threshold': 31.94810813820219, 'mid_block_threshold': 35.290182082231425, 'high_block_threshold': 37.68021877576931, 'y_middle_down_press': -17.5}. Best is trial 149 with value: 13.03125.
[I 2023-06-30 12:05:32,216] Trial 182 finished with value: 16.3125 and parameters: {'set_piece_duration': 111, 'long_ball_threshold': 176, 'long_ball_height_threshold': 3.592965535948658, 'long_ball_distance': 0.37668193381379345, 'prev_pass_multiplier': 0.12641674493054222, 'forward_threshold': 41, 'counter_attack_threshold': 98, 'forward_distance_threshold': 1.979767179763806, 'slope_threshold': 0.5145379572216345, 'counter_press_threshold': 22, 'counter_press_duration': 49, 'recovery_threshold': 143, 'transition_threshold': 49, 'r_opp': 5.8395685314201335, 'r_high': 5.158740390238162, 'r_mid': 2.2670469850983905, 'r_low': 0.6222764558153149, 'low_block_threshold': 31.83826142551173, 'mid_block_threshold': 35.29684654558132, 'high_block_threshold': 44.99099389249709, 'y_middle_down_press': -17.5}. Best is trial 149 with value: 13.03125.
[I 2023-06-30 12:05:54,229] Trial 189 finished with value: 14.544117647058822 and parameters: {'set_piece_duration': 191, 'long_ball_threshold': 197, 'long_ball_height_threshold': 3.235072108609325, 'long_ball_distance': 0.4452841752513116, 'prev_pass_multiplier': 0.1265060657171329, 'forward_threshold': 40, 'counter_attack_threshold': 99, 'forward_distance_threshold': 1.8015569917138745, 'slope_threshold': 0.5228422647229827, 'counter_press_threshold': 22, 'counter_press_duration': 49, 'recovery_threshold': 145, 'transition_threshold': 43, 'r_opp': 5.75789441821349, 'r_high': 5.02079308015464, 'r_mid': 2.2654831875577734, 'r_low': 1.0771210189940008, 'low_block_threshold': 31.913738325287145, 'mid_block_threshold': 35.321285257470166, 'high_block_threshold': 37.8686621148053, 'y_middle_down_press': -17.5}. Best is trial 149 with value: 13.03125.
[I 2023-06-30 12:06:20,873] Trial 195 finished with value: 15.990808823529411 and parameters: {'set_piece_duration': 76, 'long_ball_threshold': 199, 'long_ball_height_threshold': 3.8801940391278014, 'long_ball_distance': 0.44405502112605505, 'prev_pass_multiplier': 0.1264083342264405, 'forward_threshold': 40, 'counter_attack_threshold': 96, 'forward_distance_threshold': 2.001772476993277, 'slope_threshold': 0.522070638654005, 'counter_press_threshold': 21, 'counter_press_duration': 32, 'recovery_threshold': 140, 'transition_threshold': 0, 'r_opp': 5.768298719449542, 'r_high': 5.204044676515112, 'r_mid': 2.3172951132039654, 'r_low': 1.1971607711198684, 'low_block_threshold': 32.02446135436111, 'mid_block_threshold': 35.851229810941774, 'high_block_threshold': 37.61242521158593, 'y_middle_down_press': -17.5}. Best is trial 149 with value: 13.03125.
[I 2023-06-30 12:14:04,358] Trial 193 finished with value: 16.176470588235293 and parameters: {'set_piece_duration': 191, 'long_ball_threshold': 177, 'long_ball_height_threshold': 3.7995933266716615, 'long_ball_distance': 0.4497317091197544, 'prev_pass_multiplier': 0.12696035450034338, 'forward_threshold': 74, 'counter_attack_threshold': 94, 'forward_distance_threshold': 2.0782291116282043, 'slope_threshold': 0.5455009922926182, 'counter_press_threshold': 22, 'counter_press_duration': 31, 'recovery_threshold': 146, 'transition_threshold': 0, 'r_opp': 5.789065186769418, 'r_high': 5.046461403745881, 'r_mid': 2.2785172206895545, 'r_low': 1.1876352111300128, 'low_block_threshold': 31.9213822643881, 'mid_block_threshold': 35.31592493685286, 'high_block_threshold': 37.59415270939136, 'y_middle_down_press': -17.5}. Best is trial 149 with value: 13.03125.
[I 2023-06-30 12:15:44,360] Trial 196 finished with value: 15.290441176470589 and parameters: {'set_piece_duration': 143, 'long_ball_threshold': 176, 'long_ball_height_threshold': 3.8345362657009665, 'long_ball_distance': 0.44927128409005734, 'prev_pass_multiplier': 0.12495538572931904, 'forward_threshold': 40, 'counter_attack_threshold': 96, 'forward_distance_threshold': 2.138109651289895, 'slope_threshold': 0.512520609057426, 'counter_press_threshold': 21, 'counter_press_duration': 79, 'recovery_threshold': 137, 'transition_threshold': 0, 'r_opp': 5.831631471761442, 'r_high': 5.167948945532378, 'r_mid': 2.3686552102004175, 'r_low': 1.2167264590813833, 'low_block_threshold': 31.88575399685512, 'mid_block_threshold': 35.29378314438806, 'high_block_threshold': 44.94219863323001, 'y_middle_down_press': -17.5}. Best is trial 149 with value: 13.03125.
[I 2023-06-30 12:17:40,788] Trial 201 finished with value: 16.13235294117647 and parameters: {'set_piece_duration': 143, 'long_ball_threshold': 200, 'long_ball_height_threshold': 3.290379774598186, 'long_ball_distance': 0.446048883193606, 'prev_pass_multiplier': 0.11157115054245643, 'forward_threshold': 40, 'counter_attack_threshold': 141, 'forward_distance_threshold': 2.068665264292995, 'slope_threshold': 1.0815256982720278, 'counter_press_threshold': 22, 'counter_press_duration': 34, 'recovery_threshold': 138, 'transition_threshold': 0, 'r_opp': 5.372674406272127, 'r_high': 5.03590802917703, 'r_mid': 2.303536387272955, 'r_low': 1.2078506792638501, 'low_block_threshold': 31.91260559611193, 'mid_block_threshold': 35.29369525209534, 'high_block_threshold': 41.25830511995315, 'y_middle_down_press': -17.5}. Best is trial 149 with value: 13.03125.
[I 2023-06-30 12:17:59,269] Trial 192 finished with value: 14.266544117647058 and parameters: {'set_piece_duration': 145, 'long_ball_threshold': 177, 'long_ball_height_threshold': 3.300715627609267, 'long_ball_distance': 0.4527393703287461, 'prev_pass_multiplier': 0.12675084098798284, 'forward_threshold': 40, 'counter_attack_threshold': 97, 'forward_distance_threshold': 1.8150149492494827, 'slope_threshold': 0.500998904005457, 'counter_press_threshold': 21, 'counter_press_duration': 48, 'recovery_threshold': 142, 'transition_threshold': 44, 'r_opp': 5.784219018950879, 'r_high': 5.074517968965168, 'r_mid': 2.3057559901762468, 'r_low': 1.2216061170785129, 'low_block_threshold': 31.86795228840814, 'mid_block_threshold': 35.34708487112253, 'high_block_threshold': 37.668591553136814, 'y_middle_down_press': -17.5}. Best is trial 149 with value: 13.03125.
[I 2023-06-30 12:18:16,730] Trial 194 finished with value: 16.14889705882353 and parameters: {'set_piece_duration': 190, 'long_ball_threshold': 199, 'long_ball_height_threshold': 3.8201647310734894, 'long_ball_distance': 0.44202985762803115, 'prev_pass_multiplier': 0.12605764376786882, 'forward_threshold': 41, 'counter_attack_threshold': 94, 'forward_distance_threshold': 2.0661133930413054, 'slope_threshold': 0.5171008320999682, 'counter_press_threshold': 22, 'counter_press_duration': 79, 'recovery_threshold': 139, 'transition_threshold': 44, 'r_opp': 5.81344460036169, 'r_high': 5.048712479674539, 'r_mid': 2.296926009147946, 'r_low': 1.225380381453641, 'low_block_threshold': 31.893918471940797, 'mid_block_threshold': 35.31663501556649, 'high_block_threshold': 37.64267168707867, 'y_middle_down_press': -17.5}. Best is trial 149 with value: 13.03125.
[I 2023-06-30 12:22:27,409] Trial 202 finished with value: 14.183823529411764 and parameters: {'set_piece_duration': 144, 'long_ball_threshold': 194, 'long_ball_height_threshold': 3.2250678494241134, 'long_ball_distance': 0.4582950091019675, 'prev_pass_multiplier': 0.11015603346142858, 'forward_threshold': 70, 'counter_attack_threshold': 142, 'forward_distance_threshold': 1.747296530636092, 'slope_threshold': 1.0907567126378994, 'counter_press_threshold': 22, 'counter_press_duration': 48, 'recovery_threshold': 138, 'transition_threshold': 44, 'r_opp': 5.781556888627253, 'r_high': 5.056186300662264, 'r_mid': 2.316281482151148, 'r_low': 1.2606954656406326, 'low_block_threshold': 31.916314365601924, 'mid_block_threshold': 35.17019643079561, 'high_block_threshold': 37.540729168711174, 'y_middle_down_press': -17.5}. Best is trial 149 with value: 13.03125.
[I 2023-06-30 12:22:29,472] Trial 200 finished with value: 12.542279411764707 and parameters: {'set_piece_duration': 147, 'long_ball_threshold': 197, 'long_ball_height_threshold': 3.2416245395280474, 'long_ball_distance': 0.45234777528626596, 'prev_pass_multiplier': 0.11177775362251377, 'forward_threshold': 40, 'counter_attack_threshold': 94, 'forward_distance_threshold': 2.1160928398791348, 'slope_threshold': 0.5113027919999193, 'counter_press_threshold': 21, 'counter_press_duration': 49, 'recovery_threshold': 139, 'transition_threshold': 0, 'r_opp': 5.364260689969673, 'r_high': 5.0701354866622435, 'r_mid': 2.28360941665467, 'r_low': 1.225692873508024, 'low_block_threshold': 31.85098770879291, 'mid_block_threshold': 35.31324391695856, 'high_block_threshold': 37.69679726218723, 'y_middle_down_press': -17.5}. Best is trial 200 with value: 12.542279411764707.
[I 2023-06-30 12:22:34,948] Trial 190 finished with value: 13.564338235294116 and parameters: {'set_piece_duration': 190, 'long_ball_threshold': 178, 'long_ball_height_threshold': 3.4486762357277265, 'long_ball_distance': 0.4467759861724521, 'prev_pass_multiplier': 0.12598492740569964, 'forward_threshold': 71, 'counter_attack_threshold': 98, 'forward_distance_threshold': 2.0318476448790546, 'slope_threshold': 0.5102496110588134, 'counter_press_threshold': 22, 'counter_press_duration': 49, 'recovery_threshold': 142, 'transition_threshold': 44, 'r_opp': 5.804478749358966, 'r_high': 5.0839713267430255, 'r_mid': 2.2755838580910774, 'r_low': 1.2047818293302923, 'low_block_threshold': 34.979584654677204, 'mid_block_threshold': 35.411646016074656, 'high_block_threshold': 37.64699314753358, 'y_middle_down_press': -17.5}. Best is trial 200 with value: 12.542279411764707.
